<?xml version="1.0" encoding="UTF-8"?>
<!-- Generated by org.testng.reporters.JUnitReportReporter -->
<testsuite hostname="DESKTOP-VBPJHK5" failures="0" tests="1" name="com.etestcases.Producttest" time="61.403" errors="0" timestamp="2023-09-15T11:07:49 IST" skipped="0">
  <testcase classname="com.etestcases.Producttest" name="dealofproduct" time="61.403"/>
</testsuite> <!-- com.etestcases.Producttest -->
