<?xml version="1.0" encoding="UTF-8"?>
<!-- Generated by org.testng.reporters.JUnitReportReporter -->
<testsuite hostname="DESKTOP-VBPJHK5" failures="0" tests="1" name="com.etestcases.Logouttest" time="19.874" errors="0" timestamp="2023-10-04T08:41:56 IST" skipped="0">
  <testcase classname="com.etestcases.Logouttest" name="Refresh" time="19.874"/>
</testsuite> <!-- com.etestcases.Logouttest -->
