<?xml version="1.0" encoding="UTF-8"?>
<!-- Generated by org.testng.reporters.JUnitReportReporter -->
<testsuite hostname="DESKTOP-VBPJHK5" failures="0" tests="1" name="com.etestcases.Myprofiletest" time="6.939" errors="0" timestamp="2023-10-04T08:20:31 IST" skipped="0">
  <testcase classname="com.etestcases.Myprofiletest" name="Profilepic" time="6.939"/>
</testsuite> <!-- com.etestcases.Myprofiletest -->
