<?xml version="1.0" encoding="UTF-8"?>
<!-- Generated by org.testng.reporters.JUnitReportReporter -->
<testsuite hostname="DESKTOP-VBPJHK5" failures="0" tests="1" name="com.etestcases.Addresstest" time="9.015" errors="0" timestamp="2023-09-29T17:08:27 IST" skipped="0">
  <testcase classname="com.etestcases.Addresstest" name="EditAddress" time="9.015"/>
</testsuite> <!-- com.etestcases.Addresstest -->
