<?xml version="1.0" encoding="UTF-8"?>
<!-- Generated by org.testng.reporters.JUnitReportReporter -->
<testsuite hostname="DESKTOP-VBPJHK5" failures="0" tests="1" name="com.etestcases.WishlistTest" time="51.153" errors="0" timestamp="2023-09-22T14:10:10 IST" skipped="0">
  <testcase classname="com.etestcases.WishlistTest" name="categorywishlist" time="51.153"/>
</testsuite> <!-- com.etestcases.WishlistTest -->
