<?xml version="1.0" encoding="UTF-8"?>
<!-- Generated by org.testng.reporters.JUnitReportReporter -->
<testsuite hostname="DESKTOP-VBPJHK5" failures="0" tests="1" name="com.etestcases.Signuptest" time="19.508" errors="0" timestamp="2023-10-03T16:57:19 IST" skipped="0">
  <testcase classname="com.etestcases.Signuptest" name="registersignup" time="19.508"/>
</testsuite> <!-- com.etestcases.Signuptest -->
