<?xml version="1.0" encoding="UTF-8"?>
<!-- Generated by org.testng.reporters.JUnitReportReporter -->
<testsuite hostname="DESKTOP-VBPJHK5" failures="0" tests="19" name="com.etestcases.Homelinktest" time="169.020" errors="0" timestamp="2023-09-27T15:55:28 IST" skipped="0">
  <testcase classname="com.etestcases.Homelinktest" name="Contactus" time="2.801"/>
  <testcase classname="com.etestcases.Homelinktest" name="Cancelation" time="1.601"/>
  <testcase classname="com.etestcases.Homelinktest" name="Helptopic" time="137.024"/>
  <testcase classname="com.etestcases.Homelinktest" name="Returnpolicy" time="1.456"/>
  <testcase classname="com.etestcases.Homelinktest" name="bestselling" time="3.520"/>
  <testcase classname="com.etestcases.Homelinktest" name="latstproduct" time="3.936"/>
  <testcase classname="com.etestcases.Homelinktest" name="Instagram" time="0.305"/>
  <testcase classname="com.etestcases.Homelinktest" name="Linkeidn" time="0.284"/>
  <testcase classname="com.etestcases.Homelinktest" name="Refundpolicy" time="1.242"/>
  <testcase classname="com.etestcases.Homelinktest" name="AboutCompany" time="1.743"/>
  <testcase classname="com.etestcases.Homelinktest" name="Profile" time="4.328"/>
  <testcase classname="com.etestcases.Homelinktest" name="FaceBook" time="0.556"/>
  <testcase classname="com.etestcases.Homelinktest" name="twitter" time="0.538"/>
  <testcase classname="com.etestcases.Homelinktest" name="featurproduct" time="3.843"/>
  <testcase classname="com.etestcases.Homelinktest" name="Googleplus" time="0.474"/>
  <testcase classname="com.etestcases.Homelinktest" name="TopRated" time="2.636"/>
  <testcase classname="com.etestcases.Homelinktest" name="TrackOrder" time="1.189"/>
  <testcase classname="com.etestcases.Homelinktest" name="SupportTicket" time="1.284"/>
  <testcase classname="com.etestcases.Homelinktest" name="Pininterst" time="0.260"/>
</testsuite> <!-- com.etestcases.Homelinktest -->
