<?xml version="1.0" encoding="UTF-8"?>
<!-- Generated by org.testng.reporters.JUnitReportReporter -->
<testsuite hostname="DESKTOP-VBPJHK5" failures="0" tests="1" name="com.etestcases.Searchtest" time="31.723" errors="0" timestamp="2023-09-21T15:41:22 IST" skipped="0">
  <testcase classname="com.etestcases.Searchtest" name="search" time="31.723"/>
</testsuite> <!-- com.etestcases.Searchtest -->
